<?xml version="1.0" encoding="UTF-8"?>
<testsuite xmlns:xsi="http://www.w3.org/2001/XMLSchema-instance" xsi:noNamespaceSchemaLocation="https://maven.apache.org/surefire/maven-surefire-plugin/xsd/surefire-test-report-3.0.xsd" version="3.0" name="com.fintechedge.payflex.MemeberApplicationTests" time="16.049" tests="1" errors="0" skipped="0" failures="0">
  <properties>
    <property name="java.specification.version" value="17"/>
    <property name="sun.cpu.isalist" value="amd64"/>
    <property name="sun.jnu.encoding" value="Cp1252"/>
    <property name="java.class.path" value="C:\Users\HP\Documents\GitHub\payflex-api\payflex-api-main\member\target\test-classes;C:\Users\HP\Documents\GitHub\payflex-api\payflex-api-main\member\target\classes;C:\Users\HP\.m2\repository\org\springframework\boot\spring-boot-starter-integration\3.1.2\spring-boot-starter-integration-3.1.2.jar;C:\Users\HP\.m2\repository\org\springframework\boot\spring-boot-starter-aop\3.1.2\spring-boot-starter-aop-3.1.2.jar;C:\Users\HP\.m2\repository\org\springframework\spring-aop\6.0.11\spring-aop-6.0.11.jar;C:\Users\HP\.m2\repository\org\aspectj\aspectjweaver\1.9.19\aspectjweaver-1.9.19.jar;C:\Users\HP\.m2\repository\org\springframework\integration\spring-integration-core\6.1.2\spring-integration-core-6.1.2.jar;C:\Users\HP\.m2\repository\org\springframework\spring-context\6.0.11\spring-context-6.0.11.jar;C:\Users\HP\.m2\repository\org\springframework\spring-messaging\6.0.11\spring-messaging-6.0.11.jar;C:\Users\HP\.m2\repository\org\springframework\spring-tx\6.0.11\spring-tx-6.0.11.jar;C:\Users\HP\.m2\repository\org\springframework\retry\spring-retry\2.0.2\spring-retry-2.0.2.jar;C:\Users\HP\.m2\repository\org\springframework\integration\spring-integration-http\6.1.2\spring-integration-http-6.1.2.jar;C:\Users\HP\.m2\repository\org\springframework\spring-webmvc\6.0.11\spring-webmvc-6.0.11.jar;C:\Users\HP\.m2\repository\org\springframework\spring-expression\6.0.11\spring-expression-6.0.11.jar;C:\Users\HP\.m2\repository\org\springframework\integration\spring-integration-mongodb\6.1.2\spring-integration-mongodb-6.1.2.jar;C:\Users\HP\.m2\repository\org\springframework\data\spring-data-mongodb\4.1.2\spring-data-mongodb-4.1.2.jar;C:\Users\HP\.m2\repository\org\springframework\data\spring-data-commons\3.1.2\spring-data-commons-3.1.2.jar;C:\Users\HP\.m2\repository\org\mongodb\mongodb-driver-core\4.9.1\mongodb-driver-core-4.9.1.jar;C:\Users\HP\.m2\repository\org\mongodb\bson\4.9.1\bson-4.9.1.jar;C:\Users\HP\.m2\repository\org\mongodb\bson-record-codec\4.9.1\bson-record-codec-4.9.1.jar;C:\Users\HP\.m2\repository\org\slf4j\slf4j-api\2.0.7\slf4j-api-2.0.7.jar;C:\Users\HP\.m2\repository\org\projectlombok\lombok\1.18.30\lombok-1.18.30.jar;C:\Users\HP\.m2\repository\org\springframework\boot\spring-boot-starter-test\3.1.2\spring-boot-starter-test-3.1.2.jar;C:\Users\HP\.m2\repository\org\springframework\boot\spring-boot-starter\3.1.2\spring-boot-starter-3.1.2.jar;C:\Users\HP\.m2\repository\org\springframework\boot\spring-boot-starter-logging\3.1.2\spring-boot-starter-logging-3.1.2.jar;C:\Users\HP\.m2\repository\ch\qos\logback\logback-classic\1.4.8\logback-classic-1.4.8.jar;C:\Users\HP\.m2\repository\ch\qos\logback\logback-core\1.4.8\logback-core-1.4.8.jar;C:\Users\HP\.m2\repository\org\apache\logging\log4j\log4j-to-slf4j\2.20.0\log4j-to-slf4j-2.20.0.jar;C:\Users\HP\.m2\repository\org\slf4j\jul-to-slf4j\2.0.7\jul-to-slf4j-2.0.7.jar;C:\Users\HP\.m2\repository\jakarta\annotation\jakarta.annotation-api\2.1.1\jakarta.annotation-api-2.1.1.jar;C:\Users\HP\.m2\repository\org\yaml\snakeyaml\1.33\snakeyaml-1.33.jar;C:\Users\HP\.m2\repository\org\springframework\boot\spring-boot-test\3.1.2\spring-boot-test-3.1.2.jar;C:\Users\HP\.m2\repository\org\springframework\boot\spring-boot-test-autoconfigure\3.1.2\spring-boot-test-autoconfigure-3.1.2.jar;C:\Users\HP\.m2\repository\com\jayway\jsonpath\json-path\2.8.0\json-path-2.8.0.jar;C:\Users\HP\.m2\repository\jakarta\xml\bind\jakarta.xml.bind-api\4.0.0\jakarta.xml.bind-api-4.0.0.jar;C:\Users\HP\.m2\repository\jakarta\activation\jakarta.activation-api\2.1.2\jakarta.activation-api-2.1.2.jar;C:\Users\HP\.m2\repository\net\minidev\json-smart\2.4.11\json-smart-2.4.11.jar;C:\Users\HP\.m2\repository\net\minidev\accessors-smart\2.4.11\accessors-smart-2.4.11.jar;C:\Users\HP\.m2\repository\org\ow2\asm\asm\9.3\asm-9.3.jar;C:\Users\HP\.m2\repository\org\assertj\assertj-core\3.24.2\assertj-core-3.24.2.jar;C:\Users\HP\.m2\repository\net\bytebuddy\byte-buddy\1.14.5\byte-buddy-1.14.5.jar;C:\Users\HP\.m2\repository\org\hamcrest\hamcrest\2.2\hamcrest-2.2.jar;C:\Users\HP\.m2\repository\org\junit\jupiter\junit-jupiter\5.9.3\junit-jupiter-5.9.3.jar;C:\Users\HP\.m2\repository\org\junit\jupiter\junit-jupiter-api\5.9.3\junit-jupiter-api-5.9.3.jar;C:\Users\HP\.m2\repository\org\opentest4j\opentest4j\1.2.0\opentest4j-1.2.0.jar;C:\Users\HP\.m2\repository\org\junit\platform\junit-platform-commons\1.9.3\junit-platform-commons-1.9.3.jar;C:\Users\HP\.m2\repository\org\apiguardian\apiguardian-api\1.1.2\apiguardian-api-1.1.2.jar;C:\Users\HP\.m2\repository\org\junit\jupiter\junit-jupiter-params\5.9.3\junit-jupiter-params-5.9.3.jar;C:\Users\HP\.m2\repository\org\junit\jupiter\junit-jupiter-engine\5.9.3\junit-jupiter-engine-5.9.3.jar;C:\Users\HP\.m2\repository\org\junit\platform\junit-platform-engine\1.9.3\junit-platform-engine-1.9.3.jar;C:\Users\HP\.m2\repository\org\mockito\mockito-core\5.3.1\mockito-core-5.3.1.jar;C:\Users\HP\.m2\repository\net\bytebuddy\byte-buddy-agent\1.14.5\byte-buddy-agent-1.14.5.jar;C:\Users\HP\.m2\repository\org\objenesis\objenesis\3.3\objenesis-3.3.jar;C:\Users\HP\.m2\repository\org\mockito\mockito-junit-jupiter\5.3.1\mockito-junit-jupiter-5.3.1.jar;C:\Users\HP\.m2\repository\org\skyscreamer\jsonassert\1.5.1\jsonassert-1.5.1.jar;C:\Users\HP\.m2\repository\com\vaadin\external\google\android-json\0.0.20131108.vaadin1\android-json-0.0.20131108.vaadin1.jar;C:\Users\HP\.m2\repository\org\springframework\spring-core\6.0.11\spring-core-6.0.11.jar;C:\Users\HP\.m2\repository\org\springframework\spring-jcl\6.0.11\spring-jcl-6.0.11.jar;C:\Users\HP\.m2\repository\org\springframework\spring-test\6.0.11\spring-test-6.0.11.jar;C:\Users\HP\.m2\repository\org\xmlunit\xmlunit-core\2.9.1\xmlunit-core-2.9.1.jar;C:\Users\HP\.m2\repository\org\springframework\integration\spring-integration-test\6.1.2\spring-integration-test-6.1.2.jar;C:\Users\HP\.m2\repository\org\springframework\integration\spring-integration-test-support\6.1.2\spring-integration-test-support-6.1.2.jar;C:\Users\HP\.m2\repository\org\hamcrest\hamcrest-library\2.2\hamcrest-library-2.2.jar;C:\Users\HP\.m2\repository\org\hamcrest\hamcrest-core\2.2\hamcrest-core-2.2.jar;C:\Users\HP\.m2\repository\org\springframework\boot\spring-boot-starter-webflux\3.2.1\spring-boot-starter-webflux-3.2.1.jar;C:\Users\HP\.m2\repository\org\springframework\boot\spring-boot-starter-json\3.1.2\spring-boot-starter-json-3.1.2.jar;C:\Users\HP\.m2\repository\com\fasterxml\jackson\core\jackson-databind\2.15.2\jackson-databind-2.15.2.jar;C:\Users\HP\.m2\repository\com\fasterxml\jackson\datatype\jackson-datatype-jdk8\2.15.2\jackson-datatype-jdk8-2.15.2.jar;C:\Users\HP\.m2\repository\com\fasterxml\jackson\datatype\jackson-datatype-jsr310\2.15.2\jackson-datatype-jsr310-2.15.2.jar;C:\Users\HP\.m2\repository\com\fasterxml\jackson\module\jackson-module-parameter-names\2.15.2\jackson-module-parameter-names-2.15.2.jar;C:\Users\HP\.m2\repository\org\springframework\boot\spring-boot-starter-reactor-netty\3.1.2\spring-boot-starter-reactor-netty-3.1.2.jar;C:\Users\HP\.m2\repository\io\projectreactor\netty\reactor-netty-http\1.1.9\reactor-netty-http-1.1.9.jar;C:\Users\HP\.m2\repository\io\netty\netty-codec-http\4.1.94.Final\netty-codec-http-4.1.94.Final.jar;C:\Users\HP\.m2\repository\io\netty\netty-codec-http2\4.1.94.Final\netty-codec-http2-4.1.94.Final.jar;C:\Users\HP\.m2\repository\org\springframework\spring-web\6.0.11\spring-web-6.0.11.jar;C:\Users\HP\.m2\repository\org\springframework\spring-webflux\6.1.2\spring-webflux-6.1.2.jar;C:\Users\HP\.m2\repository\org\springframework\spring-beans\6.0.11\spring-beans-6.0.11.jar;C:\Users\HP\.m2\repository\io\projectreactor\reactor-core\3.5.8\reactor-core-3.5.8.jar;C:\Users\HP\.m2\repository\org\springframework\integration\spring-integration-webflux\6.1.2\spring-integration-webflux-6.1.2.jar;C:\Users\HP\.m2\repository\io\projectreactor\reactor-test\3.5.8\reactor-test-3.5.8.jar;C:\Users\HP\.m2\repository\org\springdoc\springdoc-openapi-starter-webmvc-ui\2.1.0\springdoc-openapi-starter-webmvc-ui-2.1.0.jar;C:\Users\HP\.m2\repository\org\springdoc\springdoc-openapi-starter-webmvc-api\2.1.0\springdoc-openapi-starter-webmvc-api-2.1.0.jar;C:\Users\HP\.m2\repository\org\springdoc\springdoc-openapi-starter-common\2.1.0\springdoc-openapi-starter-common-2.1.0.jar;C:\Users\HP\.m2\repository\io\swagger\core\v3\swagger-core-jakarta\2.2.9\swagger-core-jakarta-2.2.9.jar;C:\Users\HP\.m2\repository\org\apache\commons\commons-lang3\3.12.0\commons-lang3-3.12.0.jar;C:\Users\HP\.m2\repository\io\swagger\core\v3\swagger-annotations-jakarta\2.2.9\swagger-annotations-jakarta-2.2.9.jar;C:\Users\HP\.m2\repository\io\swagger\core\v3\swagger-models-jakarta\2.2.9\swagger-models-jakarta-2.2.9.jar;C:\Users\HP\.m2\repository\jakarta\validation\jakarta.validation-api\3.0.2\jakarta.validation-api-3.0.2.jar;C:\Users\HP\.m2\repository\com\fasterxml\jackson\dataformat\jackson-dataformat-yaml\2.15.2\jackson-dataformat-yaml-2.15.2.jar;C:\Users\HP\.m2\repository\org\webjars\swagger-ui\4.18.2\swagger-ui-4.18.2.jar;C:\Users\HP\.m2\repository\org\springdoc\springdoc-openapi-starter-webflux-ui\2.2.0\springdoc-openapi-starter-webflux-ui-2.2.0.jar;C:\Users\HP\.m2\repository\org\springdoc\springdoc-openapi-starter-webflux-api\2.2.0\springdoc-openapi-starter-webflux-api-2.2.0.jar;C:\Users\HP\.m2\repository\org\springframework\boot\spring-boot-devtools\3.1.2\spring-boot-devtools-3.1.2.jar;C:\Users\HP\.m2\repository\org\springframework\boot\spring-boot\3.1.2\spring-boot-3.1.2.jar;C:\Users\HP\.m2\repository\org\springframework\boot\spring-boot-autoconfigure\3.1.2\spring-boot-autoconfigure-3.1.2.jar;C:\Users\HP\.m2\repository\org\springframework\boot\spring-boot-starter-actuator\3.1.2\spring-boot-starter-actuator-3.1.2.jar;C:\Users\HP\.m2\repository\org\springframework\boot\spring-boot-actuator-autoconfigure\3.1.2\spring-boot-actuator-autoconfigure-3.1.2.jar;C:\Users\HP\.m2\repository\org\springframework\boot\spring-boot-actuator\3.1.2\spring-boot-actuator-3.1.2.jar;C:\Users\HP\.m2\repository\io\micrometer\micrometer-observation\1.11.2\micrometer-observation-1.11.2.jar;C:\Users\HP\.m2\repository\io\micrometer\micrometer-commons\1.11.2\micrometer-commons-1.11.2.jar;C:\Users\HP\.m2\repository\io\micrometer\micrometer-core\1.11.2\micrometer-core-1.11.2.jar;C:\Users\HP\.m2\repository\org\hdrhistogram\HdrHistogram\2.1.12\HdrHistogram-2.1.12.jar;C:\Users\HP\.m2\repository\org\latencyutils\LatencyUtils\2.0.3\LatencyUtils-2.0.3.jar;C:\Users\HP\.m2\repository\io\r2dbc\r2dbc-spi\1.0.0.RELEASE\r2dbc-spi-1.0.0.RELEASE.jar;C:\Users\HP\.m2\repository\org\reactivestreams\reactive-streams\1.0.4\reactive-streams-1.0.4.jar;C:\Users\HP\.m2\repository\org\springframework\boot\spring-boot-starter-data-r2dbc\3.2.0\spring-boot-starter-data-r2dbc-3.2.0.jar;C:\Users\HP\.m2\repository\org\springframework\data\spring-data-r2dbc\3.1.2\spring-data-r2dbc-3.1.2.jar;C:\Users\HP\.m2\repository\org\springframework\data\spring-data-relational\3.1.2\spring-data-relational-3.1.2.jar;C:\Users\HP\.m2\repository\org\springframework\spring-jdbc\6.0.11\spring-jdbc-6.0.11.jar;C:\Users\HP\.m2\repository\org\springframework\spring-r2dbc\6.0.11\spring-r2dbc-6.0.11.jar;C:\Users\HP\.m2\repository\io\r2dbc\r2dbc-pool\1.0.0.RELEASE\r2dbc-pool-1.0.0.RELEASE.jar;C:\Users\HP\.m2\repository\io\projectreactor\addons\reactor-pool\1.0.1\reactor-pool-1.0.1.jar;C:\Users\HP\.m2\repository\org\apache\poi\poi\5.2.5\poi-5.2.5.jar;C:\Users\HP\.m2\repository\commons-codec\commons-codec\1.15\commons-codec-1.15.jar;C:\Users\HP\.m2\repository\org\apache\commons\commons-collections4\4.4\commons-collections4-4.4.jar;C:\Users\HP\.m2\repository\org\apache\commons\commons-math3\3.6.1\commons-math3-3.6.1.jar;C:\Users\HP\.m2\repository\commons-io\commons-io\2.15.0\commons-io-2.15.0.jar;C:\Users\HP\.m2\repository\com\zaxxer\SparseBitSet\1.3\SparseBitSet-1.3.jar;C:\Users\HP\.m2\repository\org\apache\logging\log4j\log4j-api\2.20.0\log4j-api-2.20.0.jar;C:\Users\HP\.m2\repository\org\apache\poi\poi-ooxml\5.2.5\poi-ooxml-5.2.5.jar;C:\Users\HP\.m2\repository\org\apache\poi\poi-ooxml-lite\5.2.5\poi-ooxml-lite-5.2.5.jar;C:\Users\HP\.m2\repository\org\apache\xmlbeans\xmlbeans\5.2.0\xmlbeans-5.2.0.jar;C:\Users\HP\.m2\repository\org\apache\commons\commons-compress\1.25.0\commons-compress-1.25.0.jar;C:\Users\HP\.m2\repository\com\github\virtuald\curvesapi\1.08\curvesapi-1.08.jar;C:\Users\HP\.m2\repository\org\postgresql\r2dbc-postgresql\1.0.0.RELEASE\r2dbc-postgresql-1.0.0.RELEASE.jar;C:\Users\HP\.m2\repository\com\ongres\scram\client\2.1\client-2.1.jar;C:\Users\HP\.m2\repository\com\ongres\scram\common\2.1\common-2.1.jar;C:\Users\HP\.m2\repository\com\ongres\stringprep\saslprep\1.1\saslprep-1.1.jar;C:\Users\HP\.m2\repository\com\ongres\stringprep\stringprep\1.1\stringprep-1.1.jar;C:\Users\HP\.m2\repository\io\projectreactor\netty\reactor-netty-core\1.1.9\reactor-netty-core-1.1.9.jar;C:\Users\HP\.m2\repository\io\netty\netty-handler\4.1.94.Final\netty-handler-4.1.94.Final.jar;C:\Users\HP\.m2\repository\io\netty\netty-common\4.1.94.Final\netty-common-4.1.94.Final.jar;C:\Users\HP\.m2\repository\io\netty\netty-resolver\4.1.94.Final\netty-resolver-4.1.94.Final.jar;C:\Users\HP\.m2\repository\io\netty\netty-buffer\4.1.94.Final\netty-buffer-4.1.94.Final.jar;C:\Users\HP\.m2\repository\io\netty\netty-transport\4.1.94.Final\netty-transport-4.1.94.Final.jar;C:\Users\HP\.m2\repository\io\netty\netty-transport-native-unix-common\4.1.94.Final\netty-transport-native-unix-common-4.1.94.Final.jar;C:\Users\HP\.m2\repository\io\netty\netty-codec\4.1.94.Final\netty-codec-4.1.94.Final.jar;C:\Users\HP\.m2\repository\io\netty\netty-handler-proxy\4.1.94.Final\netty-handler-proxy-4.1.94.Final.jar;C:\Users\HP\.m2\repository\io\netty\netty-codec-socks\4.1.94.Final\netty-codec-socks-4.1.94.Final.jar;C:\Users\HP\.m2\repository\io\netty\netty-resolver-dns\4.1.94.Final\netty-resolver-dns-4.1.94.Final.jar;C:\Users\HP\.m2\repository\io\netty\netty-codec-dns\4.1.94.Final\netty-codec-dns-4.1.94.Final.jar;C:\Users\HP\.m2\repository\io\netty\netty-resolver-dns-native-macos\4.1.94.Final\netty-resolver-dns-native-macos-4.1.94.Final-osx-x86_64.jar;C:\Users\HP\.m2\repository\io\netty\netty-resolver-dns-classes-macos\4.1.94.Final\netty-resolver-dns-classes-macos-4.1.94.Final.jar;C:\Users\HP\.m2\repository\io\netty\netty-transport-native-epoll\4.1.94.Final\netty-transport-native-epoll-4.1.94.Final-linux-x86_64.jar;C:\Users\HP\.m2\repository\io\netty\netty-transport-classes-epoll\4.1.94.Final\netty-transport-classes-epoll-4.1.94.Final.jar;C:\Users\HP\.m2\repository\org\flywaydb\flyway-core\9.14.1\flyway-core-9.14.1.jar;C:\Users\HP\.m2\repository\com\fasterxml\jackson\dataformat\jackson-dataformat-toml\2.15.2\jackson-dataformat-toml-2.15.2.jar;C:\Users\HP\.m2\repository\com\fasterxml\jackson\core\jackson-core\2.15.2\jackson-core-2.15.2.jar;C:\Users\HP\.m2\repository\org\postgresql\postgresql\42.5.4\postgresql-42.5.4.jar;C:\Users\HP\.m2\repository\org\checkerframework\checker-qual\3.5.0\checker-qual-3.5.0.jar;C:\Users\HP\.m2\repository\org\glassfish\jaxb\jaxb-runtime\4.0.3\jaxb-runtime-4.0.3.jar;C:\Users\HP\.m2\repository\org\glassfish\jaxb\jaxb-core\4.0.3\jaxb-core-4.0.3.jar;C:\Users\HP\.m2\repository\org\eclipse\angus\angus-activation\2.0.1\angus-activation-2.0.1.jar;C:\Users\HP\.m2\repository\org\glassfish\jaxb\txw2\4.0.3\txw2-4.0.3.jar;C:\Users\HP\.m2\repository\com\sun\istack\istack-commons-runtime\4.1.2\istack-commons-runtime-4.1.2.jar;C:\Users\HP\.m2\repository\org\springframework\cloud\spring-cloud-starter-netflix-eureka-client\4.0.3\spring-cloud-starter-netflix-eureka-client-4.0.3.jar;C:\Users\HP\.m2\repository\org\springframework\cloud\spring-cloud-starter\4.0.4\spring-cloud-starter-4.0.4.jar;C:\Users\HP\.m2\repository\org\springframework\cloud\spring-cloud-context\4.0.4\spring-cloud-context-4.0.4.jar;C:\Users\HP\.m2\repository\org\springframework\security\spring-security-crypto\6.1.2\spring-security-crypto-6.1.2.jar;C:\Users\HP\.m2\repository\org\springframework\cloud\spring-cloud-commons\4.0.4\spring-cloud-commons-4.0.4.jar;C:\Users\HP\.m2\repository\org\springframework\security\spring-security-rsa\1.0.12.RELEASE\spring-security-rsa-1.0.12.RELEASE.jar;C:\Users\HP\.m2\repository\org\bouncycastle\bcpkix-jdk18on\1.73\bcpkix-jdk18on-1.73.jar;C:\Users\HP\.m2\repository\org\bouncycastle\bcutil-jdk18on\1.73\bcutil-jdk18on-1.73.jar;C:\Users\HP\.m2\repository\org\springframework\cloud\spring-cloud-netflix-eureka-client\4.0.3\spring-cloud-netflix-eureka-client-4.0.3.jar;C:\Users\HP\.m2\repository\org\apache\httpcomponents\client5\httpclient5\5.2.1\httpclient5-5.2.1.jar;C:\Users\HP\.m2\repository\org\apache\httpcomponents\core5\httpcore5\5.2.2\httpcore5-5.2.2.jar;C:\Users\HP\.m2\repository\org\apache\httpcomponents\core5\httpcore5-h2\5.2.2\httpcore5-h2-5.2.2.jar;C:\Users\HP\.m2\repository\com\netflix\eureka\eureka-client\2.0.1\eureka-client-2.0.1.jar;C:\Users\HP\.m2\repository\com\netflix\netflix-commons\netflix-eventbus\0.3.0\netflix-eventbus-0.3.0.jar;C:\Users\HP\.m2\repository\com\netflix\netflix-commons\netflix-infix\0.3.0\netflix-infix-0.3.0.jar;C:\Users\HP\.m2\repository\commons-jxpath\commons-jxpath\1.3\commons-jxpath-1.3.jar;C:\Users\HP\.m2\repository\joda-time\joda-time\2.3\joda-time-2.3.jar;C:\Users\HP\.m2\repository\org\antlr\antlr-runtime\3.4\antlr-runtime-3.4.jar;C:\Users\HP\.m2\repository\org\antlr\stringtemplate\3.2.1\stringtemplate-3.2.1.jar;C:\Users\HP\.m2\repository\antlr\antlr\2.7.7\antlr-2.7.7.jar;C:\Users\HP\.m2\repository\com\google\code\gson\gson\2.10.1\gson-2.10.1.jar;C:\Users\HP\.m2\repository\org\apache\commons\commons-math\2.2\commons-math-2.2.jar;C:\Users\HP\.m2\repository\com\thoughtworks\xstream\xstream\1.4.19\xstream-1.4.19.jar;C:\Users\HP\.m2\repository\io\github\x-stream\mxparser\1.2.2\mxparser-1.2.2.jar;C:\Users\HP\.m2\repository\xmlpull\xmlpull\1.1.3.1\xmlpull-1.1.3.1.jar;C:\Users\HP\.m2\repository\jakarta\ws\rs\jakarta.ws.rs-api\3.1.0\jakarta.ws.rs-api-3.1.0.jar;C:\Users\HP\.m2\repository\jakarta\inject\jakarta.inject-api\2.0.1\jakarta.inject-api-2.0.1.jar;C:\Users\HP\.m2\repository\com\netflix\servo\servo-core\0.12.21\servo-core-0.12.21.jar;C:\Users\HP\.m2\repository\com\google\guava\guava\19.0\guava-19.0.jar;C:\Users\HP\.m2\repository\org\apache\httpcomponents\httpclient\4.5.3\httpclient-4.5.3.jar;C:\Users\HP\.m2\repository\org\apache\httpcomponents\httpcore\4.4.16\httpcore-4.4.16.jar;C:\Users\HP\.m2\repository\commons-configuration\commons-configuration\1.10\commons-configuration-1.10.jar;C:\Users\HP\.m2\repository\commons-lang\commons-lang\2.6\commons-lang-2.6.jar;C:\Users\HP\.m2\repository\com\fasterxml\jackson\core\jackson-annotations\2.15.2\jackson-annotations-2.15.2.jar;C:\Users\HP\.m2\repository\org\codehaus\jettison\jettison\1.4.0\jettison-1.4.0.jar;C:\Users\HP\.m2\repository\com\netflix\eureka\eureka-core\2.0.1\eureka-core-2.0.1.jar;C:\Users\HP\.m2\repository\jakarta\servlet\jakarta.servlet-api\6.0.0\jakarta.servlet-api-6.0.0.jar;C:\Users\HP\.m2\repository\com\fasterxml\woodstox\woodstox-core\6.2.1\woodstox-core-6.2.1.jar;C:\Users\HP\.m2\repository\org\codehaus\woodstox\stax2-api\4.2.1\stax2-api-4.2.1.jar;C:\Users\HP\.m2\repository\org\springframework\cloud\spring-cloud-starter-loadbalancer\4.0.4\spring-cloud-starter-loadbalancer-4.0.4.jar;C:\Users\HP\.m2\repository\org\springframework\cloud\spring-cloud-loadbalancer\4.0.4\spring-cloud-loadbalancer-4.0.4.jar;C:\Users\HP\.m2\repository\io\projectreactor\addons\reactor-extra\3.5.1\reactor-extra-3.5.1.jar;C:\Users\HP\.m2\repository\org\springframework\boot\spring-boot-starter-cache\3.1.2\spring-boot-starter-cache-3.1.2.jar;C:\Users\HP\.m2\repository\org\springframework\spring-context-support\6.0.11\spring-context-support-6.0.11.jar;C:\Users\HP\.m2\repository\com\stoyanr\evictor\1.0.0\evictor-1.0.0.jar;C:\Users\HP\.m2\repository\org\springframework\boot\spring-boot-starter-web\3.1.2\spring-boot-starter-web-3.1.2.jar;C:\Users\HP\.m2\repository\org\springframework\boot\spring-boot-starter-tomcat\3.1.2\spring-boot-starter-tomcat-3.1.2.jar;C:\Users\HP\.m2\repository\org\apache\tomcat\embed\tomcat-embed-core\10.1.11\tomcat-embed-core-10.1.11.jar;C:\Users\HP\.m2\repository\org\apache\tomcat\embed\tomcat-embed-el\10.1.11\tomcat-embed-el-10.1.11.jar;C:\Users\HP\.m2\repository\org\apache\tomcat\embed\tomcat-embed-websocket\10.1.11\tomcat-embed-websocket-10.1.11.jar;C:\Users\HP\.m2\repository\org\keycloak\keycloak-spring-boot-starter\23.0.3\keycloak-spring-boot-starter-23.0.3.jar;C:\Users\HP\.m2\repository\org\keycloak\keycloak-spring-boot-2-adapter\23.0.3\keycloak-spring-boot-2-adapter-23.0.3.jar;C:\Users\HP\.m2\repository\org\keycloak\keycloak-spring-boot-adapter-core\23.0.3\keycloak-spring-boot-adapter-core-23.0.3.jar;C:\Users\HP\.m2\repository\org\jboss\logging\jboss-logging\3.5.3.Final\jboss-logging-3.5.3.Final.jar;C:\Users\HP\.m2\repository\org\keycloak\keycloak-core\23.0.3\keycloak-core-23.0.3.jar;C:\Users\HP\.m2\repository\org\keycloak\keycloak-common\23.0.3\keycloak-common-23.0.3.jar;C:\Users\HP\.m2\repository\org\eclipse\microprofile\openapi\microprofile-openapi-api\3.1.1\microprofile-openapi-api-3.1.1.jar;C:\Users\HP\.m2\repository\org\keycloak\keycloak-authz-client\23.0.3\keycloak-authz-client-23.0.3.jar;C:\Users\HP\.m2\repository\org\keycloak\spring-boot-container-bundle\23.0.3\spring-boot-container-bundle-23.0.3.jar;C:\Users\HP\.m2\repository\org\keycloak\keycloak-adapter-core\23.0.3\keycloak-adapter-core-23.0.3.jar;C:\Users\HP\.m2\repository\org\keycloak\keycloak-crypto-default\23.0.3\keycloak-crypto-default-23.0.3.jar;C:\Users\HP\.m2\repository\org\keycloak\keycloak-server-spi\23.0.3\keycloak-server-spi-23.0.3.jar;C:\Users\HP\.m2\repository\org\keycloak\keycloak-server-spi-private\23.0.3\keycloak-server-spi-private-23.0.3.jar;C:\Users\HP\.m2\repository\org\keycloak\keycloak-spring-security-adapter\23.0.3\keycloak-spring-security-adapter-23.0.3.jar;C:\Users\HP\.m2\repository\org\keycloak\keycloak-adapter-spi\23.0.3\keycloak-adapter-spi-23.0.3.jar;C:\Users\HP\.m2\repository\org\keycloak\keycloak-policy-enforcer\23.0.3\keycloak-policy-enforcer-23.0.3.jar;C:\Users\HP\.m2\repository\org\bouncycastle\bcprov-jdk18on\1.74\bcprov-jdk18on-1.74.jar;C:\Users\HP\.m2\repository\org\springdoc\springdoc-openapi-ui\1.6.12\springdoc-openapi-ui-1.6.12.jar;C:\Users\HP\.m2\repository\org\springdoc\springdoc-openapi-webmvc-core\1.6.12\springdoc-openapi-webmvc-core-1.6.12.jar;C:\Users\HP\.m2\repository\org\springdoc\springdoc-openapi-common\1.6.12\springdoc-openapi-common-1.6.12.jar;C:\Users\HP\.m2\repository\io\swagger\core\v3\swagger-core\2.2.4\swagger-core-2.2.4.jar;C:\Users\HP\.m2\repository\io\swagger\core\v3\swagger-annotations\2.2.4\swagger-annotations-2.2.4.jar;C:\Users\HP\.m2\repository\io\swagger\core\v3\swagger-models\2.2.4\swagger-models-2.2.4.jar;C:\Users\HP\.m2\repository\org\webjars\webjars-locator-core\0.52\webjars-locator-core-0.52.jar;C:\Users\HP\.m2\repository\io\github\classgraph\classgraph\4.8.149\classgraph-4.8.149.jar;C:\Users\HP\.m2\repository\org\testcontainers\junit-jupiter\1.18.3\junit-jupiter-1.18.3.jar;C:\Users\HP\.m2\repository\org\testcontainers\testcontainers\1.18.3\testcontainers-1.18.3.jar;C:\Users\HP\.m2\repository\junit\junit\4.13.2\junit-4.13.2.jar;C:\Users\HP\.m2\repository\org\rnorth\duct-tape\duct-tape\1.0.8\duct-tape-1.0.8.jar;C:\Users\HP\.m2\repository\org\jetbrains\annotations\17.0.0\annotations-17.0.0.jar;C:\Users\HP\.m2\repository\com\github\docker-java\docker-java-api\3.3.0\docker-java-api-3.3.0.jar;C:\Users\HP\.m2\repository\com\github\docker-java\docker-java-transport-zerodep\3.3.0\docker-java-transport-zerodep-3.3.0.jar;C:\Users\HP\.m2\repository\com\github\docker-java\docker-java-transport\3.3.0\docker-java-transport-3.3.0.jar;C:\Users\HP\.m2\repository\net\java\dev\jna\jna\5.12.1\jna-5.12.1.jar;C:\Users\HP\.m2\repository\org\springframework\boot\spring-boot-testcontainers\3.1.2\spring-boot-testcontainers-3.1.2.jar;"/>
    <property name="java.vm.vendor" value="Oracle Corporation"/>
    <property name="sun.arch.data.model" value="64"/>
    <property name="user.variant" value=""/>
    <property name="java.vendor.url" value="https://java.oracle.com/"/>
    <property name="user.timezone" value="Europe/London"/>
    <property name="org.jboss.logging.provider" value="slf4j"/>
    <property name="os.name" value="Windows 11"/>
    <property name="java.vm.specification.version" value="17"/>
    <property name="sun.java.launcher" value="SUN_STANDARD"/>
    <property name="user.country" value="US"/>
    <property name="sun.boot.library.path" value="C:\Program Files\jdk-17.0.9\bin"/>
    <property name="sun.java.command" value="C:\Users\HP\AppData\Local\Temp\surefire1378625649593059245\surefirebooter-20240109154451687_15.jar C:\Users\HP\AppData\Local\Temp\surefire1378625649593059245 2024-01-09T15-44-13_380-jvmRun1 surefire-20240109154451687_13tmp surefire_3-20240109154451687_14tmp"/>
    <property name="jdk.debug" value="release"/>
    <property name="surefire.test.class.path" value="C:\Users\HP\Documents\GitHub\payflex-api\payflex-api-main\member\target\test-classes;C:\Users\HP\Documents\GitHub\payflex-api\payflex-api-main\member\target\classes;C:\Users\HP\.m2\repository\org\springframework\boot\spring-boot-starter-integration\3.1.2\spring-boot-starter-integration-3.1.2.jar;C:\Users\HP\.m2\repository\org\springframework\boot\spring-boot-starter-aop\3.1.2\spring-boot-starter-aop-3.1.2.jar;C:\Users\HP\.m2\repository\org\springframework\spring-aop\6.0.11\spring-aop-6.0.11.jar;C:\Users\HP\.m2\repository\org\aspectj\aspectjweaver\1.9.19\aspectjweaver-1.9.19.jar;C:\Users\HP\.m2\repository\org\springframework\integration\spring-integration-core\6.1.2\spring-integration-core-6.1.2.jar;C:\Users\HP\.m2\repository\org\springframework\spring-context\6.0.11\spring-context-6.0.11.jar;C:\Users\HP\.m2\repository\org\springframework\spring-messaging\6.0.11\spring-messaging-6.0.11.jar;C:\Users\HP\.m2\repository\org\springframework\spring-tx\6.0.11\spring-tx-6.0.11.jar;C:\Users\HP\.m2\repository\org\springframework\retry\spring-retry\2.0.2\spring-retry-2.0.2.jar;C:\Users\HP\.m2\repository\org\springframework\integration\spring-integration-http\6.1.2\spring-integration-http-6.1.2.jar;C:\Users\HP\.m2\repository\org\springframework\spring-webmvc\6.0.11\spring-webmvc-6.0.11.jar;C:\Users\HP\.m2\repository\org\springframework\spring-expression\6.0.11\spring-expression-6.0.11.jar;C:\Users\HP\.m2\repository\org\springframework\integration\spring-integration-mongodb\6.1.2\spring-integration-mongodb-6.1.2.jar;C:\Users\HP\.m2\repository\org\springframework\data\spring-data-mongodb\4.1.2\spring-data-mongodb-4.1.2.jar;C:\Users\HP\.m2\repository\org\springframework\data\spring-data-commons\3.1.2\spring-data-commons-3.1.2.jar;C:\Users\HP\.m2\repository\org\mongodb\mongodb-driver-core\4.9.1\mongodb-driver-core-4.9.1.jar;C:\Users\HP\.m2\repository\org\mongodb\bson\4.9.1\bson-4.9.1.jar;C:\Users\HP\.m2\repository\org\mongodb\bson-record-codec\4.9.1\bson-record-codec-4.9.1.jar;C:\Users\HP\.m2\repository\org\slf4j\slf4j-api\2.0.7\slf4j-api-2.0.7.jar;C:\Users\HP\.m2\repository\org\projectlombok\lombok\1.18.30\lombok-1.18.30.jar;C:\Users\HP\.m2\repository\org\springframework\boot\spring-boot-starter-test\3.1.2\spring-boot-starter-test-3.1.2.jar;C:\Users\HP\.m2\repository\org\springframework\boot\spring-boot-starter\3.1.2\spring-boot-starter-3.1.2.jar;C:\Users\HP\.m2\repository\org\springframework\boot\spring-boot-starter-logging\3.1.2\spring-boot-starter-logging-3.1.2.jar;C:\Users\HP\.m2\repository\ch\qos\logback\logback-classic\1.4.8\logback-classic-1.4.8.jar;C:\Users\HP\.m2\repository\ch\qos\logback\logback-core\1.4.8\logback-core-1.4.8.jar;C:\Users\HP\.m2\repository\org\apache\logging\log4j\log4j-to-slf4j\2.20.0\log4j-to-slf4j-2.20.0.jar;C:\Users\HP\.m2\repository\org\slf4j\jul-to-slf4j\2.0.7\jul-to-slf4j-2.0.7.jar;C:\Users\HP\.m2\repository\jakarta\annotation\jakarta.annotation-api\2.1.1\jakarta.annotation-api-2.1.1.jar;C:\Users\HP\.m2\repository\org\yaml\snakeyaml\1.33\snakeyaml-1.33.jar;C:\Users\HP\.m2\repository\org\springframework\boot\spring-boot-test\3.1.2\spring-boot-test-3.1.2.jar;C:\Users\HP\.m2\repository\org\springframework\boot\spring-boot-test-autoconfigure\3.1.2\spring-boot-test-autoconfigure-3.1.2.jar;C:\Users\HP\.m2\repository\com\jayway\jsonpath\json-path\2.8.0\json-path-2.8.0.jar;C:\Users\HP\.m2\repository\jakarta\xml\bind\jakarta.xml.bind-api\4.0.0\jakarta.xml.bind-api-4.0.0.jar;C:\Users\HP\.m2\repository\jakarta\activation\jakarta.activation-api\2.1.2\jakarta.activation-api-2.1.2.jar;C:\Users\HP\.m2\repository\net\minidev\json-smart\2.4.11\json-smart-2.4.11.jar;C:\Users\HP\.m2\repository\net\minidev\accessors-smart\2.4.11\accessors-smart-2.4.11.jar;C:\Users\HP\.m2\repository\org\ow2\asm\asm\9.3\asm-9.3.jar;C:\Users\HP\.m2\repository\org\assertj\assertj-core\3.24.2\assertj-core-3.24.2.jar;C:\Users\HP\.m2\repository\net\bytebuddy\byte-buddy\1.14.5\byte-buddy-1.14.5.jar;C:\Users\HP\.m2\repository\org\hamcrest\hamcrest\2.2\hamcrest-2.2.jar;C:\Users\HP\.m2\repository\org\junit\jupiter\junit-jupiter\5.9.3\junit-jupiter-5.9.3.jar;C:\Users\HP\.m2\repository\org\junit\jupiter\junit-jupiter-api\5.9.3\junit-jupiter-api-5.9.3.jar;C:\Users\HP\.m2\repository\org\opentest4j\opentest4j\1.2.0\opentest4j-1.2.0.jar;C:\Users\HP\.m2\repository\org\junit\platform\junit-platform-commons\1.9.3\junit-platform-commons-1.9.3.jar;C:\Users\HP\.m2\repository\org\apiguardian\apiguardian-api\1.1.2\apiguardian-api-1.1.2.jar;C:\Users\HP\.m2\repository\org\junit\jupiter\junit-jupiter-params\5.9.3\junit-jupiter-params-5.9.3.jar;C:\Users\HP\.m2\repository\org\junit\jupiter\junit-jupiter-engine\5.9.3\junit-jupiter-engine-5.9.3.jar;C:\Users\HP\.m2\repository\org\junit\platform\junit-platform-engine\1.9.3\junit-platform-engine-1.9.3.jar;C:\Users\HP\.m2\repository\org\mockito\mockito-core\5.3.1\mockito-core-5.3.1.jar;C:\Users\HP\.m2\repository\net\bytebuddy\byte-buddy-agent\1.14.5\byte-buddy-agent-1.14.5.jar;C:\Users\HP\.m2\repository\org\objenesis\objenesis\3.3\objenesis-3.3.jar;C:\Users\HP\.m2\repository\org\mockito\mockito-junit-jupiter\5.3.1\mockito-junit-jupiter-5.3.1.jar;C:\Users\HP\.m2\repository\org\skyscreamer\jsonassert\1.5.1\jsonassert-1.5.1.jar;C:\Users\HP\.m2\repository\com\vaadin\external\google\android-json\0.0.20131108.vaadin1\android-json-0.0.20131108.vaadin1.jar;C:\Users\HP\.m2\repository\org\springframework\spring-core\6.0.11\spring-core-6.0.11.jar;C:\Users\HP\.m2\repository\org\springframework\spring-jcl\6.0.11\spring-jcl-6.0.11.jar;C:\Users\HP\.m2\repository\org\springframework\spring-test\6.0.11\spring-test-6.0.11.jar;C:\Users\HP\.m2\repository\org\xmlunit\xmlunit-core\2.9.1\xmlunit-core-2.9.1.jar;C:\Users\HP\.m2\repository\org\springframework\integration\spring-integration-test\6.1.2\spring-integration-test-6.1.2.jar;C:\Users\HP\.m2\repository\org\springframework\integration\spring-integration-test-support\6.1.2\spring-integration-test-support-6.1.2.jar;C:\Users\HP\.m2\repository\org\hamcrest\hamcrest-library\2.2\hamcrest-library-2.2.jar;C:\Users\HP\.m2\repository\org\hamcrest\hamcrest-core\2.2\hamcrest-core-2.2.jar;C:\Users\HP\.m2\repository\org\springframework\boot\spring-boot-starter-webflux\3.2.1\spring-boot-starter-webflux-3.2.1.jar;C:\Users\HP\.m2\repository\org\springframework\boot\spring-boot-starter-json\3.1.2\spring-boot-starter-json-3.1.2.jar;C:\Users\HP\.m2\repository\com\fasterxml\jackson\core\jackson-databind\2.15.2\jackson-databind-2.15.2.jar;C:\Users\HP\.m2\repository\com\fasterxml\jackson\datatype\jackson-datatype-jdk8\2.15.2\jackson-datatype-jdk8-2.15.2.jar;C:\Users\HP\.m2\repository\com\fasterxml\jackson\datatype\jackson-datatype-jsr310\2.15.2\jackson-datatype-jsr310-2.15.2.jar;C:\Users\HP\.m2\repository\com\fasterxml\jackson\module\jackson-module-parameter-names\2.15.2\jackson-module-parameter-names-2.15.2.jar;C:\Users\HP\.m2\repository\org\springframework\boot\spring-boot-starter-reactor-netty\3.1.2\spring-boot-starter-reactor-netty-3.1.2.jar;C:\Users\HP\.m2\repository\io\projectreactor\netty\reactor-netty-http\1.1.9\reactor-netty-http-1.1.9.jar;C:\Users\HP\.m2\repository\io\netty\netty-codec-http\4.1.94.Final\netty-codec-http-4.1.94.Final.jar;C:\Users\HP\.m2\repository\io\netty\netty-codec-http2\4.1.94.Final\netty-codec-http2-4.1.94.Final.jar;C:\Users\HP\.m2\repository\org\springframework\spring-web\6.0.11\spring-web-6.0.11.jar;C:\Users\HP\.m2\repository\org\springframework\spring-webflux\6.1.2\spring-webflux-6.1.2.jar;C:\Users\HP\.m2\repository\org\springframework\spring-beans\6.0.11\spring-beans-6.0.11.jar;C:\Users\HP\.m2\repository\io\projectreactor\reactor-core\3.5.8\reactor-core-3.5.8.jar;C:\Users\HP\.m2\repository\org\springframework\integration\spring-integration-webflux\6.1.2\spring-integration-webflux-6.1.2.jar;C:\Users\HP\.m2\repository\io\projectreactor\reactor-test\3.5.8\reactor-test-3.5.8.jar;C:\Users\HP\.m2\repository\org\springdoc\springdoc-openapi-starter-webmvc-ui\2.1.0\springdoc-openapi-starter-webmvc-ui-2.1.0.jar;C:\Users\HP\.m2\repository\org\springdoc\springdoc-openapi-starter-webmvc-api\2.1.0\springdoc-openapi-starter-webmvc-api-2.1.0.jar;C:\Users\HP\.m2\repository\org\springdoc\springdoc-openapi-starter-common\2.1.0\springdoc-openapi-starter-common-2.1.0.jar;C:\Users\HP\.m2\repository\io\swagger\core\v3\swagger-core-jakarta\2.2.9\swagger-core-jakarta-2.2.9.jar;C:\Users\HP\.m2\repository\org\apache\commons\commons-lang3\3.12.0\commons-lang3-3.12.0.jar;C:\Users\HP\.m2\repository\io\swagger\core\v3\swagger-annotations-jakarta\2.2.9\swagger-annotations-jakarta-2.2.9.jar;C:\Users\HP\.m2\repository\io\swagger\core\v3\swagger-models-jakarta\2.2.9\swagger-models-jakarta-2.2.9.jar;C:\Users\HP\.m2\repository\jakarta\validation\jakarta.validation-api\3.0.2\jakarta.validation-api-3.0.2.jar;C:\Users\HP\.m2\repository\com\fasterxml\jackson\dataformat\jackson-dataformat-yaml\2.15.2\jackson-dataformat-yaml-2.15.2.jar;C:\Users\HP\.m2\repository\org\webjars\swagger-ui\4.18.2\swagger-ui-4.18.2.jar;C:\Users\HP\.m2\repository\org\springdoc\springdoc-openapi-starter-webflux-ui\2.2.0\springdoc-openapi-starter-webflux-ui-2.2.0.jar;C:\Users\HP\.m2\repository\org\springdoc\springdoc-openapi-starter-webflux-api\2.2.0\springdoc-openapi-starter-webflux-api-2.2.0.jar;C:\Users\HP\.m2\repository\org\springframework\boot\spring-boot-devtools\3.1.2\spring-boot-devtools-3.1.2.jar;C:\Users\HP\.m2\repository\org\springframework\boot\spring-boot\3.1.2\spring-boot-3.1.2.jar;C:\Users\HP\.m2\repository\org\springframework\boot\spring-boot-autoconfigure\3.1.2\spring-boot-autoconfigure-3.1.2.jar;C:\Users\HP\.m2\repository\org\springframework\boot\spring-boot-starter-actuator\3.1.2\spring-boot-starter-actuator-3.1.2.jar;C:\Users\HP\.m2\repository\org\springframework\boot\spring-boot-actuator-autoconfigure\3.1.2\spring-boot-actuator-autoconfigure-3.1.2.jar;C:\Users\HP\.m2\repository\org\springframework\boot\spring-boot-actuator\3.1.2\spring-boot-actuator-3.1.2.jar;C:\Users\HP\.m2\repository\io\micrometer\micrometer-observation\1.11.2\micrometer-observation-1.11.2.jar;C:\Users\HP\.m2\repository\io\micrometer\micrometer-commons\1.11.2\micrometer-commons-1.11.2.jar;C:\Users\HP\.m2\repository\io\micrometer\micrometer-core\1.11.2\micrometer-core-1.11.2.jar;C:\Users\HP\.m2\repository\org\hdrhistogram\HdrHistogram\2.1.12\HdrHistogram-2.1.12.jar;C:\Users\HP\.m2\repository\org\latencyutils\LatencyUtils\2.0.3\LatencyUtils-2.0.3.jar;C:\Users\HP\.m2\repository\io\r2dbc\r2dbc-spi\1.0.0.RELEASE\r2dbc-spi-1.0.0.RELEASE.jar;C:\Users\HP\.m2\repository\org\reactivestreams\reactive-streams\1.0.4\reactive-streams-1.0.4.jar;C:\Users\HP\.m2\repository\org\springframework\boot\spring-boot-starter-data-r2dbc\3.2.0\spring-boot-starter-data-r2dbc-3.2.0.jar;C:\Users\HP\.m2\repository\org\springframework\data\spring-data-r2dbc\3.1.2\spring-data-r2dbc-3.1.2.jar;C:\Users\HP\.m2\repository\org\springframework\data\spring-data-relational\3.1.2\spring-data-relational-3.1.2.jar;C:\Users\HP\.m2\repository\org\springframework\spring-jdbc\6.0.11\spring-jdbc-6.0.11.jar;C:\Users\HP\.m2\repository\org\springframework\spring-r2dbc\6.0.11\spring-r2dbc-6.0.11.jar;C:\Users\HP\.m2\repository\io\r2dbc\r2dbc-pool\1.0.0.RELEASE\r2dbc-pool-1.0.0.RELEASE.jar;C:\Users\HP\.m2\repository\io\projectreactor\addons\reactor-pool\1.0.1\reactor-pool-1.0.1.jar;C:\Users\HP\.m2\repository\org\apache\poi\poi\5.2.5\poi-5.2.5.jar;C:\Users\HP\.m2\repository\commons-codec\commons-codec\1.15\commons-codec-1.15.jar;C:\Users\HP\.m2\repository\org\apache\commons\commons-collections4\4.4\commons-collections4-4.4.jar;C:\Users\HP\.m2\repository\org\apache\commons\commons-math3\3.6.1\commons-math3-3.6.1.jar;C:\Users\HP\.m2\repository\commons-io\commons-io\2.15.0\commons-io-2.15.0.jar;C:\Users\HP\.m2\repository\com\zaxxer\SparseBitSet\1.3\SparseBitSet-1.3.jar;C:\Users\HP\.m2\repository\org\apache\logging\log4j\log4j-api\2.20.0\log4j-api-2.20.0.jar;C:\Users\HP\.m2\repository\org\apache\poi\poi-ooxml\5.2.5\poi-ooxml-5.2.5.jar;C:\Users\HP\.m2\repository\org\apache\poi\poi-ooxml-lite\5.2.5\poi-ooxml-lite-5.2.5.jar;C:\Users\HP\.m2\repository\org\apache\xmlbeans\xmlbeans\5.2.0\xmlbeans-5.2.0.jar;C:\Users\HP\.m2\repository\org\apache\commons\commons-compress\1.25.0\commons-compress-1.25.0.jar;C:\Users\HP\.m2\repository\com\github\virtuald\curvesapi\1.08\curvesapi-1.08.jar;C:\Users\HP\.m2\repository\org\postgresql\r2dbc-postgresql\1.0.0.RELEASE\r2dbc-postgresql-1.0.0.RELEASE.jar;C:\Users\HP\.m2\repository\com\ongres\scram\client\2.1\client-2.1.jar;C:\Users\HP\.m2\repository\com\ongres\scram\common\2.1\common-2.1.jar;C:\Users\HP\.m2\repository\com\ongres\stringprep\saslprep\1.1\saslprep-1.1.jar;C:\Users\HP\.m2\repository\com\ongres\stringprep\stringprep\1.1\stringprep-1.1.jar;C:\Users\HP\.m2\repository\io\projectreactor\netty\reactor-netty-core\1.1.9\reactor-netty-core-1.1.9.jar;C:\Users\HP\.m2\repository\io\netty\netty-handler\4.1.94.Final\netty-handler-4.1.94.Final.jar;C:\Users\HP\.m2\repository\io\netty\netty-common\4.1.94.Final\netty-common-4.1.94.Final.jar;C:\Users\HP\.m2\repository\io\netty\netty-resolver\4.1.94.Final\netty-resolver-4.1.94.Final.jar;C:\Users\HP\.m2\repository\io\netty\netty-buffer\4.1.94.Final\netty-buffer-4.1.94.Final.jar;C:\Users\HP\.m2\repository\io\netty\netty-transport\4.1.94.Final\netty-transport-4.1.94.Final.jar;C:\Users\HP\.m2\repository\io\netty\netty-transport-native-unix-common\4.1.94.Final\netty-transport-native-unix-common-4.1.94.Final.jar;C:\Users\HP\.m2\repository\io\netty\netty-codec\4.1.94.Final\netty-codec-4.1.94.Final.jar;C:\Users\HP\.m2\repository\io\netty\netty-handler-proxy\4.1.94.Final\netty-handler-proxy-4.1.94.Final.jar;C:\Users\HP\.m2\repository\io\netty\netty-codec-socks\4.1.94.Final\netty-codec-socks-4.1.94.Final.jar;C:\Users\HP\.m2\repository\io\netty\netty-resolver-dns\4.1.94.Final\netty-resolver-dns-4.1.94.Final.jar;C:\Users\HP\.m2\repository\io\netty\netty-codec-dns\4.1.94.Final\netty-codec-dns-4.1.94.Final.jar;C:\Users\HP\.m2\repository\io\netty\netty-resolver-dns-native-macos\4.1.94.Final\netty-resolver-dns-native-macos-4.1.94.Final-osx-x86_64.jar;C:\Users\HP\.m2\repository\io\netty\netty-resolver-dns-classes-macos\4.1.94.Final\netty-resolver-dns-classes-macos-4.1.94.Final.jar;C:\Users\HP\.m2\repository\io\netty\netty-transport-native-epoll\4.1.94.Final\netty-transport-native-epoll-4.1.94.Final-linux-x86_64.jar;C:\Users\HP\.m2\repository\io\netty\netty-transport-classes-epoll\4.1.94.Final\netty-transport-classes-epoll-4.1.94.Final.jar;C:\Users\HP\.m2\repository\org\flywaydb\flyway-core\9.14.1\flyway-core-9.14.1.jar;C:\Users\HP\.m2\repository\com\fasterxml\jackson\dataformat\jackson-dataformat-toml\2.15.2\jackson-dataformat-toml-2.15.2.jar;C:\Users\HP\.m2\repository\com\fasterxml\jackson\core\jackson-core\2.15.2\jackson-core-2.15.2.jar;C:\Users\HP\.m2\repository\org\postgresql\postgresql\42.5.4\postgresql-42.5.4.jar;C:\Users\HP\.m2\repository\org\checkerframework\checker-qual\3.5.0\checker-qual-3.5.0.jar;C:\Users\HP\.m2\repository\org\glassfish\jaxb\jaxb-runtime\4.0.3\jaxb-runtime-4.0.3.jar;C:\Users\HP\.m2\repository\org\glassfish\jaxb\jaxb-core\4.0.3\jaxb-core-4.0.3.jar;C:\Users\HP\.m2\repository\org\eclipse\angus\angus-activation\2.0.1\angus-activation-2.0.1.jar;C:\Users\HP\.m2\repository\org\glassfish\jaxb\txw2\4.0.3\txw2-4.0.3.jar;C:\Users\HP\.m2\repository\com\sun\istack\istack-commons-runtime\4.1.2\istack-commons-runtime-4.1.2.jar;C:\Users\HP\.m2\repository\org\springframework\cloud\spring-cloud-starter-netflix-eureka-client\4.0.3\spring-cloud-starter-netflix-eureka-client-4.0.3.jar;C:\Users\HP\.m2\repository\org\springframework\cloud\spring-cloud-starter\4.0.4\spring-cloud-starter-4.0.4.jar;C:\Users\HP\.m2\repository\org\springframework\cloud\spring-cloud-context\4.0.4\spring-cloud-context-4.0.4.jar;C:\Users\HP\.m2\repository\org\springframework\security\spring-security-crypto\6.1.2\spring-security-crypto-6.1.2.jar;C:\Users\HP\.m2\repository\org\springframework\cloud\spring-cloud-commons\4.0.4\spring-cloud-commons-4.0.4.jar;C:\Users\HP\.m2\repository\org\springframework\security\spring-security-rsa\1.0.12.RELEASE\spring-security-rsa-1.0.12.RELEASE.jar;C:\Users\HP\.m2\repository\org\bouncycastle\bcpkix-jdk18on\1.73\bcpkix-jdk18on-1.73.jar;C:\Users\HP\.m2\repository\org\bouncycastle\bcutil-jdk18on\1.73\bcutil-jdk18on-1.73.jar;C:\Users\HP\.m2\repository\org\springframework\cloud\spring-cloud-netflix-eureka-client\4.0.3\spring-cloud-netflix-eureka-client-4.0.3.jar;C:\Users\HP\.m2\repository\org\apache\httpcomponents\client5\httpclient5\5.2.1\httpclient5-5.2.1.jar;C:\Users\HP\.m2\repository\org\apache\httpcomponents\core5\httpcore5\5.2.2\httpcore5-5.2.2.jar;C:\Users\HP\.m2\repository\org\apache\httpcomponents\core5\httpcore5-h2\5.2.2\httpcore5-h2-5.2.2.jar;C:\Users\HP\.m2\repository\com\netflix\eureka\eureka-client\2.0.1\eureka-client-2.0.1.jar;C:\Users\HP\.m2\repository\com\netflix\netflix-commons\netflix-eventbus\0.3.0\netflix-eventbus-0.3.0.jar;C:\Users\HP\.m2\repository\com\netflix\netflix-commons\netflix-infix\0.3.0\netflix-infix-0.3.0.jar;C:\Users\HP\.m2\repository\commons-jxpath\commons-jxpath\1.3\commons-jxpath-1.3.jar;C:\Users\HP\.m2\repository\joda-time\joda-time\2.3\joda-time-2.3.jar;C:\Users\HP\.m2\repository\org\antlr\antlr-runtime\3.4\antlr-runtime-3.4.jar;C:\Users\HP\.m2\repository\org\antlr\stringtemplate\3.2.1\stringtemplate-3.2.1.jar;C:\Users\HP\.m2\repository\antlr\antlr\2.7.7\antlr-2.7.7.jar;C:\Users\HP\.m2\repository\com\google\code\gson\gson\2.10.1\gson-2.10.1.jar;C:\Users\HP\.m2\repository\org\apache\commons\commons-math\2.2\commons-math-2.2.jar;C:\Users\HP\.m2\repository\com\thoughtworks\xstream\xstream\1.4.19\xstream-1.4.19.jar;C:\Users\HP\.m2\repository\io\github\x-stream\mxparser\1.2.2\mxparser-1.2.2.jar;C:\Users\HP\.m2\repository\xmlpull\xmlpull\1.1.3.1\xmlpull-1.1.3.1.jar;C:\Users\HP\.m2\repository\jakarta\ws\rs\jakarta.ws.rs-api\3.1.0\jakarta.ws.rs-api-3.1.0.jar;C:\Users\HP\.m2\repository\jakarta\inject\jakarta.inject-api\2.0.1\jakarta.inject-api-2.0.1.jar;C:\Users\HP\.m2\repository\com\netflix\servo\servo-core\0.12.21\servo-core-0.12.21.jar;C:\Users\HP\.m2\repository\com\google\guava\guava\19.0\guava-19.0.jar;C:\Users\HP\.m2\repository\org\apache\httpcomponents\httpclient\4.5.3\httpclient-4.5.3.jar;C:\Users\HP\.m2\repository\org\apache\httpcomponents\httpcore\4.4.16\httpcore-4.4.16.jar;C:\Users\HP\.m2\repository\commons-configuration\commons-configuration\1.10\commons-configuration-1.10.jar;C:\Users\HP\.m2\repository\commons-lang\commons-lang\2.6\commons-lang-2.6.jar;C:\Users\HP\.m2\repository\com\fasterxml\jackson\core\jackson-annotations\2.15.2\jackson-annotations-2.15.2.jar;C:\Users\HP\.m2\repository\org\codehaus\jettison\jettison\1.4.0\jettison-1.4.0.jar;C:\Users\HP\.m2\repository\com\netflix\eureka\eureka-core\2.0.1\eureka-core-2.0.1.jar;C:\Users\HP\.m2\repository\jakarta\servlet\jakarta.servlet-api\6.0.0\jakarta.servlet-api-6.0.0.jar;C:\Users\HP\.m2\repository\com\fasterxml\woodstox\woodstox-core\6.2.1\woodstox-core-6.2.1.jar;C:\Users\HP\.m2\repository\org\codehaus\woodstox\stax2-api\4.2.1\stax2-api-4.2.1.jar;C:\Users\HP\.m2\repository\org\springframework\cloud\spring-cloud-starter-loadbalancer\4.0.4\spring-cloud-starter-loadbalancer-4.0.4.jar;C:\Users\HP\.m2\repository\org\springframework\cloud\spring-cloud-loadbalancer\4.0.4\spring-cloud-loadbalancer-4.0.4.jar;C:\Users\HP\.m2\repository\io\projectreactor\addons\reactor-extra\3.5.1\reactor-extra-3.5.1.jar;C:\Users\HP\.m2\repository\org\springframework\boot\spring-boot-starter-cache\3.1.2\spring-boot-starter-cache-3.1.2.jar;C:\Users\HP\.m2\repository\org\springframework\spring-context-support\6.0.11\spring-context-support-6.0.11.jar;C:\Users\HP\.m2\repository\com\stoyanr\evictor\1.0.0\evictor-1.0.0.jar;C:\Users\HP\.m2\repository\org\springframework\boot\spring-boot-starter-web\3.1.2\spring-boot-starter-web-3.1.2.jar;C:\Users\HP\.m2\repository\org\springframework\boot\spring-boot-starter-tomcat\3.1.2\spring-boot-starter-tomcat-3.1.2.jar;C:\Users\HP\.m2\repository\org\apache\tomcat\embed\tomcat-embed-core\10.1.11\tomcat-embed-core-10.1.11.jar;C:\Users\HP\.m2\repository\org\apache\tomcat\embed\tomcat-embed-el\10.1.11\tomcat-embed-el-10.1.11.jar;C:\Users\HP\.m2\repository\org\apache\tomcat\embed\tomcat-embed-websocket\10.1.11\tomcat-embed-websocket-10.1.11.jar;C:\Users\HP\.m2\repository\org\keycloak\keycloak-spring-boot-starter\23.0.3\keycloak-spring-boot-starter-23.0.3.jar;C:\Users\HP\.m2\repository\org\keycloak\keycloak-spring-boot-2-adapter\23.0.3\keycloak-spring-boot-2-adapter-23.0.3.jar;C:\Users\HP\.m2\repository\org\keycloak\keycloak-spring-boot-adapter-core\23.0.3\keycloak-spring-boot-adapter-core-23.0.3.jar;C:\Users\HP\.m2\repository\org\jboss\logging\jboss-logging\3.5.3.Final\jboss-logging-3.5.3.Final.jar;C:\Users\HP\.m2\repository\org\keycloak\keycloak-core\23.0.3\keycloak-core-23.0.3.jar;C:\Users\HP\.m2\repository\org\keycloak\keycloak-common\23.0.3\keycloak-common-23.0.3.jar;C:\Users\HP\.m2\repository\org\eclipse\microprofile\openapi\microprofile-openapi-api\3.1.1\microprofile-openapi-api-3.1.1.jar;C:\Users\HP\.m2\repository\org\keycloak\keycloak-authz-client\23.0.3\keycloak-authz-client-23.0.3.jar;C:\Users\HP\.m2\repository\org\keycloak\spring-boot-container-bundle\23.0.3\spring-boot-container-bundle-23.0.3.jar;C:\Users\HP\.m2\repository\org\keycloak\keycloak-adapter-core\23.0.3\keycloak-adapter-core-23.0.3.jar;C:\Users\HP\.m2\repository\org\keycloak\keycloak-crypto-default\23.0.3\keycloak-crypto-default-23.0.3.jar;C:\Users\HP\.m2\repository\org\keycloak\keycloak-server-spi\23.0.3\keycloak-server-spi-23.0.3.jar;C:\Users\HP\.m2\repository\org\keycloak\keycloak-server-spi-private\23.0.3\keycloak-server-spi-private-23.0.3.jar;C:\Users\HP\.m2\repository\org\keycloak\keycloak-spring-security-adapter\23.0.3\keycloak-spring-security-adapter-23.0.3.jar;C:\Users\HP\.m2\repository\org\keycloak\keycloak-adapter-spi\23.0.3\keycloak-adapter-spi-23.0.3.jar;C:\Users\HP\.m2\repository\org\keycloak\keycloak-policy-enforcer\23.0.3\keycloak-policy-enforcer-23.0.3.jar;C:\Users\HP\.m2\repository\org\bouncycastle\bcprov-jdk18on\1.74\bcprov-jdk18on-1.74.jar;C:\Users\HP\.m2\repository\org\springdoc\springdoc-openapi-ui\1.6.12\springdoc-openapi-ui-1.6.12.jar;C:\Users\HP\.m2\repository\org\springdoc\springdoc-openapi-webmvc-core\1.6.12\springdoc-openapi-webmvc-core-1.6.12.jar;C:\Users\HP\.m2\repository\org\springdoc\springdoc-openapi-common\1.6.12\springdoc-openapi-common-1.6.12.jar;C:\Users\HP\.m2\repository\io\swagger\core\v3\swagger-core\2.2.4\swagger-core-2.2.4.jar;C:\Users\HP\.m2\repository\io\swagger\core\v3\swagger-annotations\2.2.4\swagger-annotations-2.2.4.jar;C:\Users\HP\.m2\repository\io\swagger\core\v3\swagger-models\2.2.4\swagger-models-2.2.4.jar;C:\Users\HP\.m2\repository\org\webjars\webjars-locator-core\0.52\webjars-locator-core-0.52.jar;C:\Users\HP\.m2\repository\io\github\classgraph\classgraph\4.8.149\classgraph-4.8.149.jar;C:\Users\HP\.m2\repository\org\testcontainers\junit-jupiter\1.18.3\junit-jupiter-1.18.3.jar;C:\Users\HP\.m2\repository\org\testcontainers\testcontainers\1.18.3\testcontainers-1.18.3.jar;C:\Users\HP\.m2\repository\junit\junit\4.13.2\junit-4.13.2.jar;C:\Users\HP\.m2\repository\org\rnorth\duct-tape\duct-tape\1.0.8\duct-tape-1.0.8.jar;C:\Users\HP\.m2\repository\org\jetbrains\annotations\17.0.0\annotations-17.0.0.jar;C:\Users\HP\.m2\repository\com\github\docker-java\docker-java-api\3.3.0\docker-java-api-3.3.0.jar;C:\Users\HP\.m2\repository\com\github\docker-java\docker-java-transport-zerodep\3.3.0\docker-java-transport-zerodep-3.3.0.jar;C:\Users\HP\.m2\repository\com\github\docker-java\docker-java-transport\3.3.0\docker-java-transport-3.3.0.jar;C:\Users\HP\.m2\repository\net\java\dev\jna\jna\5.12.1\jna-5.12.1.jar;C:\Users\HP\.m2\repository\org\springframework\boot\spring-boot-testcontainers\3.1.2\spring-boot-testcontainers-3.1.2.jar;"/>
    <property name="sun.cpu.endian" value="little"/>
    <property name="user.home" value="C:\Users\HP"/>
    <property name="user.language" value="en"/>
    <property name="java.specification.vendor" value="Oracle Corporation"/>
    <property name="java.version.date" value="2023-10-17"/>
    <property name="java.home" value="C:\Program Files\jdk-17.0.9"/>
    <property name="file.separator" value="\"/>
    <property name="basedir" value="C:\Users\HP\Documents\GitHub\payflex-api\payflex-api-main\member"/>
    <property name="java.vm.compressedOopsMode" value="Zero based"/>
    <property name="line.separator" value="&#10;"/>
    <property name="java.vm.specification.vendor" value="Oracle Corporation"/>
    <property name="java.specification.name" value="Java Platform API Specification"/>
    <property name="FILE_LOG_CHARSET" value="windows-1252"/>
    <property name="java.awt.headless" value="true"/>
    <property name="surefire.real.class.path" value="C:\Users\HP\AppData\Local\Temp\surefire1378625649593059245\surefirebooter-20240109154451687_15.jar"/>
    <property name="user.script" value=""/>
    <property name="sun.management.compiler" value="HotSpot 64-Bit Tiered Compilers"/>
    <property name="java.runtime.version" value="17.0.9+11-LTS-201"/>
    <property name="user.name" value="HP"/>
    <property name="path.separator" value=";"/>
    <property name="os.version" value="10.0"/>
    <property name="java.runtime.name" value="Java(TM) SE Runtime Environment"/>
    <property name="file.encoding" value="Cp1252"/>
    <property name="java.vm.name" value="Java HotSpot(TM) 64-Bit Server VM"/>
    <property name="localRepository" value="C:\Users\HP\.m2\repository"/>
    <property name="java.vendor.url.bug" value="https://bugreport.java.com/bugreport/"/>
    <property name="java.io.tmpdir" value="C:\Users\HP\AppData\Local\Temp\"/>
    <property name="java.version" value="17.0.9"/>
    <property name="user.dir" value="C:\Users\HP\Documents\GitHub\payflex-api\payflex-api-main\member"/>
    <property name="os.arch" value="amd64"/>
    <property name="java.vm.specification.name" value="Java Virtual Machine Specification"/>
    <property name="PID" value="16092"/>
    <property name="sun.os.patch.level" value=""/>
    <property name="CONSOLE_LOG_CHARSET" value="windows-1252"/>
    <property name="native.encoding" value="Cp1252"/>
    <property name="java.library.path" value="C:\Program Files\jdk-17.0.9\bin;C:\WINDOWS\Sun\Java\bin;C:\WINDOWS\system32;C:\WINDOWS;C:\Program Files\Common Files\Oracle\Java\javapath;C:\WINDOWS\system32;C:\WINDOWS;C:\WINDOWS\System32\Wbem;C:\WINDOWS\System32\WindowsPowerShell\v1.0\;C:\WINDOWS\System32\OpenSSH\;C:\Program Files\Git\cmd;C:\Program Files\Docker\Docker\resources\bin;C:\Program Files\apache-maven-3.9.6\bin;C:\Users\HP\AppData\Local\Microsoft\WindowsApps;C:\Program Files\JetBrains\IntelliJ IDEA 2023.3.1\bin;;C:\ProgramData\HP\GitHubDesktop\bin;C:\Users\HP\AppData\Local\GitHubDesktop\bin;C:\Program Files\apache-maven-3.9.6\bin;;."/>
    <property name="java.vm.info" value="mixed mode, sharing"/>
    <property name="java.vendor" value="Oracle Corporation"/>
    <property name="java.vm.version" value="17.0.9+11-LTS-201"/>
    <property name="sun.io.unicode.encoding" value="UnicodeLittle"/>
    <property name="java.class.version" value="61.0"/>
  </properties>
  <testcase name="contextLoads" classname="com.fintechedge.payflex.MemeberApplicationTests" time="1.176">
    <system-out><![CDATA[15:44:52.800 [main] INFO org.springframework.test.context.support.AnnotationConfigContextLoaderUtils -- Could not detect default configuration classes for test class [com.fintechedge.payflex.MemeberApplicationTests]: MemeberApplicationTests does not declare any static, non-private, non-final, nested classes annotated with @Configuration.
15:44:53.049 [main] INFO org.springframework.boot.test.context.SpringBootTestContextBootstrapper -- Found @SpringBootConfiguration com.fintechedge.payflex.MemeberApplication for test class com.fintechedge.payflex.MemeberApplicationTests

  .   ____          _            __ _ _
 /\\ / ___'_ __ _ _(_)_ __  __ _ \ \ \ \
( ( )\___ | '_ | '_| | '_ \/ _` | \ \ \ \
 \\/  ___)| |_)| | | | | || (_| |  ) ) ) )
  '  |____| .__|_| |_|_| |_\__, | / / / /
 =========|_|==============|___/=/_/_/_/
 :: Spring Boot ::                (v3.1.2)

2024-01-09T15:44:54.063Z  INFO 16092 --- [           main] c.f.payflex.MemeberApplicationTests      : Starting MemeberApplicationTests using Java 17.0.9 with PID 16092 (started by HP in C:\Users\HP\Documents\GitHub\payflex-api\payflex-api-main\member)
2024-01-09T15:44:54.067Z  INFO 16092 --- [           main] c.f.payflex.MemeberApplicationTests      : No active profile set, falling back to 1 default profile: "default"
2024-01-09T15:44:55.901Z  INFO 16092 --- [           main] .s.d.r.c.RepositoryConfigurationDelegate : Multiple Spring Data modules found, entering strict repository configuration mode
2024-01-09T15:44:55.903Z  INFO 16092 --- [           main] .s.d.r.c.RepositoryConfigurationDelegate : Bootstrapping Spring Data R2DBC repositories in DEFAULT mode.
2024-01-09T15:44:56.135Z  INFO 16092 --- [           main] .s.d.r.c.RepositoryConfigurationDelegate : Finished Spring Data repository scanning in 225 ms. Found 4 R2DBC repository interfaces.
2024-01-09T15:44:57.009Z  INFO 16092 --- [           main] faultConfiguringBeanFactoryPostProcessor : No bean named 'errorChannel' has been explicitly defined. Therefore, a default PublishSubscribeChannel will be created.
2024-01-09T15:44:57.023Z  INFO 16092 --- [           main] faultConfiguringBeanFactoryPostProcessor : No bean named 'integrationHeaderChannelRegistry' has been explicitly defined. Therefore, a default DefaultHeaderChannelRegistry will be created.
2024-01-09T15:44:57.244Z  INFO 16092 --- [           main] o.s.cloud.context.scope.GenericScope     : BeanFactory id=2c424eea-2442-38db-b3d0-1ae2ed10b39e
2024-01-09T15:44:57.609Z  INFO 16092 --- [           main] trationDelegate$BeanPostProcessorChecker : Bean 'org.springframework.cloud.client.loadbalancer.reactive.LoadBalancerBeanPostProcessorAutoConfiguration' of type [org.springframework.cloud.client.loadbalancer.reactive.LoadBalancerBeanPostProcessorAutoConfiguration] is not eligible for getting processed by all BeanPostProcessors (for example: not eligible for auto-proxying)
2024-01-09T15:44:57.611Z  INFO 16092 --- [           main] trationDelegate$BeanPostProcessorChecker : Bean 'org.springframework.cloud.client.loadbalancer.reactive.LoadBalancerBeanPostProcessorAutoConfiguration$ReactorDeferringLoadBalancerFilterConfig' of type [org.springframework.cloud.client.loadbalancer.reactive.LoadBalancerBeanPostProcessorAutoConfiguration$ReactorDeferringLoadBalancerFilterConfig] is not eligible for getting processed by all BeanPostProcessors (for example: not eligible for auto-proxying)
2024-01-09T15:44:57.613Z  INFO 16092 --- [           main] trationDelegate$BeanPostProcessorChecker : Bean 'reactorDeferringLoadBalancerExchangeFilterFunction' of type [org.springframework.cloud.client.loadbalancer.reactive.DeferringLoadBalancerExchangeFilterFunction] is not eligible for getting processed by all BeanPostProcessors (for example: not eligible for auto-proxying)
2024-01-09T15:45:04.326Z  INFO 16092 --- [           main] o.f.c.internal.license.VersionPrinter    : Flyway Community Edition 9.14.1 by Redgate
2024-01-09T15:45:04.327Z  INFO 16092 --- [           main] o.f.c.internal.license.VersionPrinter    : See what's new here: https://flywaydb.org/documentation/learnmore/releaseNotes#9.14.1
2024-01-09T15:45:04.327Z  INFO 16092 --- [           main] o.f.c.internal.license.VersionPrinter    : 
2024-01-09T15:45:04.873Z  INFO 16092 --- [           main] o.f.c.i.database.base.BaseDatabaseType   : Database: jdbc:postgresql://localhost:5432/postgres (PostgreSQL 16.1)
2024-01-09T15:45:04.888Z  WARN 16092 --- [           main] o.f.c.internal.database.base.Database    : Flyway upgrade recommended: PostgreSQL 16.1 is newer than this version of Flyway and support has not been tested. The latest supported version of PostgreSQL is 15.
2024-01-09T15:45:04.963Z  INFO 16092 --- [           main] o.f.core.internal.command.DbValidate     : Successfully validated 4 migrations (execution time 00:00.055s)
2024-01-09T15:45:05.052Z  INFO 16092 --- [           main] o.f.core.internal.command.DbMigrate      : Current version of schema "member": 4
2024-01-09T15:45:05.053Z  INFO 16092 --- [           main] o.f.core.internal.command.DbMigrate      : Schema "member" is up to date. No migration necessary.
2024-01-09T15:45:05.396Z  INFO 16092 --- [           main] DiscoveryClientOptionalArgsConfiguration : Eureka HTTP Client uses RestTemplate.
2024-01-09T15:45:05.896Z  WARN 16092 --- [           main] iguration$LoadBalancerCaffeineWarnLogger : Spring Cloud LoadBalancer is currently working with the default cache. While this cache implementation is useful for development and tests, it's recommended to use Caffeine cache in production.You can switch to using Caffeine cache, by adding it and org.springframework.cache.caffeine.CaffeineCacheManager to the classpath.
2024-01-09T15:45:05.909Z  INFO 16092 --- [           main] o.s.b.a.e.web.EndpointLinksResolver      : Exposing 1 endpoint(s) beneath base path '/actuator'
2024-01-09T15:45:06.338Z  INFO 16092 --- [           main] o.s.i.endpoint.EventDrivenConsumer       : Adding {logging-channel-adapter:_org.springframework.integration.errorLogger} as a subscriber to the 'errorChannel' channel
2024-01-09T15:45:06.340Z  INFO 16092 --- [           main] o.s.i.channel.PublishSubscribeChannel    : Channel 'MEMBER-SERVICE.errorChannel' has 1 subscriber(s).
2024-01-09T15:45:06.341Z  INFO 16092 --- [           main] o.s.i.endpoint.EventDrivenConsumer       : started bean '_org.springframework.integration.errorLogger'
2024-01-09T15:45:06.368Z  INFO 16092 --- [           main] o.s.c.n.eureka.InstanceInfoFactory       : Setting initial instance status as: STARTING
2024-01-09T15:45:06.561Z  INFO 16092 --- [           main] com.netflix.discovery.DiscoveryClient    : Initializing Eureka in region us-east-1
2024-01-09T15:45:06.573Z  INFO 16092 --- [           main] c.n.d.s.r.aws.ConfigClusterResolver      : Resolving eureka endpoints via configuration
2024-01-09T15:45:06.617Z  INFO 16092 --- [           main] com.netflix.discovery.DiscoveryClient    : Disable delta property : false
2024-01-09T15:45:06.618Z  INFO 16092 --- [           main] com.netflix.discovery.DiscoveryClient    : Single vip registry refresh property : null
2024-01-09T15:45:06.618Z  INFO 16092 --- [           main] com.netflix.discovery.DiscoveryClient    : Force full registry fetch : false
2024-01-09T15:45:06.618Z  INFO 16092 --- [           main] com.netflix.discovery.DiscoveryClient    : Application is null : false
2024-01-09T15:45:06.618Z  INFO 16092 --- [           main] com.netflix.discovery.DiscoveryClient    : Registered Applications size is zero : true
2024-01-09T15:45:06.618Z  INFO 16092 --- [           main] com.netflix.discovery.DiscoveryClient    : Application version is -1: true
2024-01-09T15:45:06.619Z  INFO 16092 --- [           main] com.netflix.discovery.DiscoveryClient    : Getting all instance registry info from the eureka server
2024-01-09T15:45:07.299Z  INFO 16092 --- [           main] com.netflix.discovery.DiscoveryClient    : The response status is 200
2024-01-09T15:45:07.306Z  INFO 16092 --- [           main] com.netflix.discovery.DiscoveryClient    : Starting heartbeat executor: renew interval is: 30
2024-01-09T15:45:07.310Z  INFO 16092 --- [           main] c.n.discovery.InstanceInfoReplicator     : InstanceInfoReplicator onDemand update allowed rate per min is 4
2024-01-09T15:45:07.321Z  INFO 16092 --- [           main] com.netflix.discovery.DiscoveryClient    : Discovery Client initialized at timestamp 1704815107319 with initial instances count: 3
2024-01-09T15:45:07.325Z  INFO 16092 --- [           main] o.s.c.n.e.s.EurekaServiceRegistry        : Registering application MEMBER-SERVICE with eureka with status UP
2024-01-09T15:45:07.326Z  INFO 16092 --- [           main] com.netflix.discovery.DiscoveryClient    : Saw local status change event StatusChangeEvent [timestamp=1704815107325, current=UP, previous=STARTING]
2024-01-09T15:45:07.336Z  INFO 16092 --- [nfoReplicator-0] com.netflix.discovery.DiscoveryClient    : DiscoveryClient_MEMBER-SERVICE/DESKTOP-ER15SHA:MEMBER-SERVICE:8081: registering service...
2024-01-09T15:45:07.396Z  INFO 16092 --- [           main] c.f.payflex.MemeberApplicationTests      : Started MemeberApplicationTests in 14.047 seconds (process running for 15.652)
2024-01-09T15:45:07.413Z  INFO 16092 --- [nfoReplicator-0] com.netflix.discovery.DiscoveryClient    : DiscoveryClient_MEMBER-SERVICE/DESKTOP-ER15SHA:MEMBER-SERVICE:8081 - registration status: 204
]]></system-out>
  </testcase>
</testsuite>